<?xml version="1.0" encoding="UTF-8"?>
<!-- Generated by org.testng.reporters.JUnitXMLReporter -->
<testsuite ignored="0" hostname="LAPTOP-LJ2EJ257" failures="0" tests="8" name="Test1" time="208.749" errors="0" timestamp="2022-09-11T12:53:43 IST">
  <testcase classname="com.qa.testLayer.LogInTest" name="VerifyLogIn" time="0.015"/>
  <testcase classname="com.qa.testLayer.ViewPatientTest" name="verifyViewPatient" time="16.012"/>
  <testcase classname="com.qa.testLayer.RegisterPatientTest" name="verifyRegisterPatient" time="39.276"/>
  <testcase classname="com.qa.testLayer.FindPatientRecordTest" name="verifyFindPatientRecord" time="17.006"/>
  <testcase classname="com.qa.testLayer.DeletePatientTest" name="verifyDeletePatient" time="14.966"/>
  <testcase classname="com.qa.testLayer.BookAppointmentTest" name="verifyBookAppointment" time="26.774"/>
  <testcase classname="com.qa.testLayer.AddAttachmentOfPatient" name="verifyAddAttachmentOfPatient" time="32.341"/>
  <testcase classname="com.qa.testLayer.LogOutTest" name="verifyLogOut" time="1.143"/>
</testsuite> <!-- Test1 -->
